{"C:\\Users\\alexg\\Visual Studio Projects\\project-management\\src\\models\\statusParams.ts": {"path":"C:\\Users\\alexg\\Visual Studio Projects\\project-management\\src\\models\\statusParams.ts","all":false,"statementMap":{"0":{"start":{"line":1,"column":0},"end":{"line":1,"column":28}},"1":{"start":{"line":2,"column":0},"end":{"line":2,"column":18}},"2":{"start":{"line":3,"column":0},"end":{"line":3,"column":31}},"3":{"start":{"line":4,"column":0},"end":{"line":4,"column":27}},"4":{"start":{"line":5,"column":0},"end":{"line":5,"column":24}},"5":{"start":{"line":6,"column":0},"end":{"line":6,"column":2}},"6":{"start":{"line":7,"column":0},"end":{"line":7,"column":0}},"7":{"start":{"line":8,"column":0},"end":{"line":8,"column":0}},"8":{"start":{"line":9,"column":0},"end":{"line":9,"column":31}},"9":{"start":{"line":10,"column":0},"end":{"line":10,"column":23}},"10":{"start":{"line":11,"column":0},"end":{"line":11,"column":21}},"11":{"start":{"line":12,"column":0},"end":{"line":12,"column":23}},"12":{"start":{"line":13,"column":0},"end":{"line":13,"column":21}},"13":{"start":{"line":14,"column":0},"end":{"line":14,"column":26}},"14":{"start":{"line":15,"column":0},"end":{"line":15,"column":1}}},"s":{"0":1,"1":1,"2":1,"3":1,"4":1,"5":1,"6":1,"7":1,"8":1,"9":1,"10":1,"11":1,"12":1,"13":1,"14":1},"branchMap":{},"b":{},"fnMap":{},"f":{}}
,"C:\\Users\\alexg\\Visual Studio Projects\\project-management\\src\\styled-components\\StatusBage.tsx": {"path":"C:\\Users\\alexg\\Visual Studio Projects\\project-management\\src\\styled-components\\StatusBage.tsx","all":false,"statementMap":{"0":{"start":{"line":1,"column":0},"end":{"line":1,"column":29}},"1":{"start":{"line":2,"column":0},"end":{"line":2,"column":0}},"2":{"start":{"line":3,"column":0},"end":{"line":3,"column":69}},"3":{"start":{"line":4,"column":0},"end":{"line":4,"column":0}},"4":{"start":{"line":5,"column":0},"end":{"line":5,"column":62}},"5":{"start":{"line":6,"column":0},"end":{"line":6,"column":53}},"6":{"start":{"line":7,"column":0},"end":{"line":7,"column":65}},"7":{"start":{"line":8,"column":0},"end":{"line":8,"column":5}},"8":{"start":{"line":9,"column":0},"end":{"line":9,"column":60}},"9":{"start":{"line":10,"column":0},"end":{"line":10,"column":69}},"10":{"start":{"line":11,"column":0},"end":{"line":11,"column":5}},"11":{"start":{"line":12,"column":0},"end":{"line":12,"column":58}},"12":{"start":{"line":13,"column":0},"end":{"line":13,"column":70}},"13":{"start":{"line":14,"column":0},"end":{"line":14,"column":5}},"14":{"start":{"line":15,"column":0},"end":{"line":15,"column":57}},"15":{"start":{"line":16,"column":0},"end":{"line":16,"column":69}},"16":{"start":{"line":17,"column":0},"end":{"line":17,"column":5}},"17":{"start":{"line":18,"column":0},"end":{"line":18,"column":2}},"18":{"start":{"line":19,"column":0},"end":{"line":19,"column":27}},"19":{"start":{"line":20,"column":0},"end":{"line":20,"column":0}},"20":{"start":{"line":21,"column":0},"end":{"line":21,"column":0}},"21":{"start":{"line":22,"column":0},"end":{"line":22,"column":76}},"22":{"start":{"line":23,"column":0},"end":{"line":23,"column":61}},"23":{"start":{"line":24,"column":0},"end":{"line":24,"column":74}},"24":{"start":{"line":25,"column":0},"end":{"line":25,"column":5}},"25":{"start":{"line":26,"column":0},"end":{"line":26,"column":58}},"26":{"start":{"line":27,"column":0},"end":{"line":27,"column":69}},"27":{"start":{"line":28,"column":0},"end":{"line":28,"column":5}},"28":{"start":{"line":29,"column":0},"end":{"line":29,"column":58}},"29":{"start":{"line":30,"column":0},"end":{"line":30,"column":74}},"30":{"start":{"line":31,"column":0},"end":{"line":31,"column":5}},"31":{"start":{"line":32,"column":0},"end":{"line":32,"column":59}},"32":{"start":{"line":33,"column":0},"end":{"line":33,"column":72}},"33":{"start":{"line":34,"column":0},"end":{"line":34,"column":5}},"34":{"start":{"line":35,"column":0},"end":{"line":35,"column":0}},"35":{"start":{"line":36,"column":0},"end":{"line":36,"column":56}},"36":{"start":{"line":37,"column":0},"end":{"line":37,"column":4}},"37":{"start":{"line":38,"column":0},"end":{"line":38,"column":2}}},"s":{"0":1,"1":1,"2":1,"3":1,"4":1,"5":5,"6":1,"7":1,"8":5,"9":1,"10":1,"11":5,"12":1,"13":1,"14":5,"15":1,"16":1,"17":5,"18":1,"19":1,"20":1,"21":1,"22":0,"23":0,"24":0,"25":0,"26":0,"27":0,"28":0,"29":0,"30":0,"31":0,"32":0,"33":0,"34":0,"35":0,"36":0,"37":0},"branchMap":{"0":{"type":"branch","line":5,"loc":{"start":{"line":5,"column":20},"end":{"line":18,"column":2}},"locations":[{"start":{"line":5,"column":20},"end":{"line":18,"column":2}}]},"1":{"type":"branch","line":6,"loc":{"start":{"line":6,"column":52},"end":{"line":8,"column":5}},"locations":[{"start":{"line":6,"column":52},"end":{"line":8,"column":5}}]},"2":{"type":"branch","line":8,"loc":{"start":{"line":8,"column":4},"end":{"line":9,"column":59}},"locations":[{"start":{"line":8,"column":4},"end":{"line":9,"column":59}}]},"3":{"type":"branch","line":9,"loc":{"start":{"line":9,"column":59},"end":{"line":11,"column":5}},"locations":[{"start":{"line":9,"column":59},"end":{"line":11,"column":5}}]},"4":{"type":"branch","line":11,"loc":{"start":{"line":11,"column":4},"end":{"line":12,"column":57}},"locations":[{"start":{"line":11,"column":4},"end":{"line":12,"column":57}}]},"5":{"type":"branch","line":12,"loc":{"start":{"line":12,"column":57},"end":{"line":14,"column":5}},"locations":[{"start":{"line":12,"column":57},"end":{"line":14,"column":5}}]},"6":{"type":"branch","line":14,"loc":{"start":{"line":14,"column":4},"end":{"line":15,"column":56}},"locations":[{"start":{"line":14,"column":4},"end":{"line":15,"column":56}}]},"7":{"type":"branch","line":15,"loc":{"start":{"line":15,"column":56},"end":{"line":17,"column":5}},"locations":[{"start":{"line":15,"column":56},"end":{"line":17,"column":5}}]}},"b":{"0":[5],"1":[1],"2":[4],"3":[1],"4":[3],"5":[1],"6":[2],"7":[1]},"fnMap":{"0":{"name":"StatusBadge","decl":{"start":{"line":5,"column":20},"end":{"line":18,"column":2}},"loc":{"start":{"line":5,"column":20},"end":{"line":18,"column":2}},"line":5},"1":{"name":"ProjectStatusBadge","decl":{"start":{"line":22,"column":34},"end":{"line":38,"column":2}},"loc":{"start":{"line":22,"column":34},"end":{"line":38,"column":2}},"line":22}},"f":{"0":5,"1":0}}
}
