TN:
SF:src\models\statusParams.ts
FNF:0
FNH:0
DA:1,1
DA:2,1
DA:3,1
DA:4,1
DA:5,1
DA:6,1
DA:7,1
DA:8,1
DA:9,1
DA:10,1
DA:11,1
DA:12,1
DA:13,1
DA:14,1
DA:15,1
LF:15
LH:15
BRF:0
BRH:0
end_of_record
TN:
SF:src\styled-components\StatusBage.tsx
FN:5,StatusBadge
FN:22,ProjectStatusBadge
FNF:2
FNH:1
FNDA:5,StatusBadge
FNDA:0,ProjectStatusBadge
DA:1,1
DA:2,1
DA:3,1
DA:4,1
DA:5,1
DA:6,5
DA:7,1
DA:8,1
DA:9,5
DA:10,1
DA:11,1
DA:12,5
DA:13,1
DA:14,1
DA:15,5
DA:16,1
DA:17,1
DA:18,5
DA:19,1
DA:20,1
DA:21,1
DA:22,1
DA:23,0
DA:24,0
DA:25,0
DA:26,0
DA:27,0
DA:28,0
DA:29,0
DA:30,0
DA:31,0
DA:32,0
DA:33,0
DA:34,0
DA:35,0
DA:36,0
DA:37,0
DA:38,0
LF:38
LH:22
BRDA:5,0,0,5
BRDA:6,1,0,1
BRDA:8,2,0,4
BRDA:9,3,0,1
BRDA:11,4,0,3
BRDA:12,5,0,1
BRDA:14,6,0,2
BRDA:15,7,0,1
BRF:8
BRH:8
end_of_record
